<?xml version="1.0" encoding="UTF-8"?>
<!-- Generated by org.testng.reporters.JUnitReportReporter -->
<testsuite skipped="0" hostname="LAPTOP-FTFAHAJ5" name="testcases.AddProductTest" tests="3" failures="0" timestamp="2021-05-21T07:44:23 CDT" time="66.795" errors="0">
  <testcase name="addProduct" time="22.092" classname="testcases.AddProductTest"/>
  <system-out>
    <![CDATA[==========================================
Starting Test: testcases.AddProductTest
==========================================]]>
  </system-out>
  <testcase name="addProduct" time="22.816" classname="testcases.AddProductTest"/>
  <system-out>
    <![CDATA[==========================================
Starting Test: testcases.AddProductTest
==========================================]]>
  </system-out>
  <testcase name="addProduct" time="21.887" classname="testcases.AddProductTest"/>
  <system-out>
    <![CDATA[==========================================
Starting Test: testcases.AddProductTest
==========================================]]>
  </system-out>
</testsuite> <!-- testcases.AddProductTest -->
