<?xml version="1.0" encoding="UTF-8"?>
<!-- Generated by org.testng.reporters.JUnitReportReporter -->
<testsuite skipped="0" hostname="LAPTOP-FTFAHAJ5" name="testcases.ValidLoginTest" tests="3" failures="0" timestamp="2021-05-21T07:44:22 CDT" time="28.643" errors="0">
  <testcase name="validCredentials" time="9.539" classname="testcases.ValidLoginTest"/>
  <system-out>
    <![CDATA[==========================================
Starting Test: testcases.ValidLoginTest
==========================================]]>
  </system-out>
  <testcase name="validCredentials" time="9.538" classname="testcases.ValidLoginTest"/>
  <system-out>
    <![CDATA[==========================================
Starting Test: testcases.ValidLoginTest
==========================================]]>
  </system-out>
  <testcase name="validCredentials" time="9.566" classname="testcases.ValidLoginTest"/>
  <system-out>
    <![CDATA[==========================================
Starting Test: testcases.ValidLoginTest
==========================================]]>
  </system-out>
</testsuite> <!-- testcases.ValidLoginTest -->
