<?xml version="1.0" encoding="UTF-8"?>
<!-- Generated by org.testng.reporters.JUnitReportReporter -->
<testsuite skipped="0" hostname="LAPTOP-FTFAHAJ5" name="testcases.LogoutTest" tests="3" failures="0" timestamp="2021-05-21T07:44:23 CDT" time="59.588" errors="0">
  <testcase name="logOut" time="19.696" classname="testcases.LogoutTest"/>
  <system-out>
    <![CDATA[==========================================
Starting Test: testcases.LogoutTest
==========================================]]>
  </system-out>
  <testcase name="logOut" time="19.690" classname="testcases.LogoutTest"/>
  <system-out>
    <![CDATA[==========================================
Starting Test: testcases.LogoutTest
==========================================]]>
  </system-out>
  <testcase name="logOut" time="20.202" classname="testcases.LogoutTest"/>
  <system-out>
    <![CDATA[==========================================
Starting Test: testcases.LogoutTest
==========================================]]>
  </system-out>
</testsuite> <!-- testcases.LogoutTest -->
