<?xml version="1.0" encoding="UTF-8"?>
<!-- Generated by org.testng.reporters.JUnitReportReporter -->
<testsuite skipped="0" hostname="LAPTOP-FTFAHAJ5" name="testcases.SortProductsByPriceTest" tests="3" failures="0" timestamp="2021-05-21T07:44:23 CDT" time="114.600" errors="0">
  <testcase name="sortProductsByPrice" time="38.821" classname="testcases.SortProductsByPriceTest"/>
  <system-out>
    <![CDATA[==========================================
Starting Test: testcases.SortProductsByPriceTest
==========================================]]>
  </system-out>
  <testcase name="sortProductsByPrice" time="37.860" classname="testcases.SortProductsByPriceTest"/>
  <system-out>
    <![CDATA[==========================================
Starting Test: testcases.SortProductsByPriceTest
==========================================]]>
  </system-out>
  <testcase name="sortProductsByPrice" time="37.919" classname="testcases.SortProductsByPriceTest"/>
  <system-out>
    <![CDATA[==========================================
Starting Test: testcases.SortProductsByPriceTest
==========================================]]>
  </system-out>
</testsuite> <!-- testcases.SortProductsByPriceTest -->
