<?xml version="1.0" encoding="UTF-8"?>
<!-- Generated by org.testng.reporters.JUnitReportReporter -->
<testsuite skipped="0" hostname="LAPTOP-FTFAHAJ5" name="testcases.AddAllProductsTest" tests="3" failures="0" timestamp="2021-05-21T07:44:23 CDT" time="110.461" errors="0">
  <testcase name="addAllProducts" time="35.087" classname="testcases.AddAllProductsTest"/>
  <system-out>
    <![CDATA[==========================================
Starting Test: testcases.AddAllProductsTest
==========================================]]>
  </system-out>
  <testcase name="addAllProducts" time="35.631" classname="testcases.AddAllProductsTest"/>
  <system-out>
    <![CDATA[==========================================
Starting Test: testcases.AddAllProductsTest
==========================================]]>
  </system-out>
  <testcase name="addAllProducts" time="39.743" classname="testcases.AddAllProductsTest"/>
  <system-out>
    <![CDATA[==========================================
Starting Test: testcases.AddAllProductsTest
==========================================]]>
  </system-out>
</testsuite> <!-- testcases.AddAllProductsTest -->
