<?xml version="1.0" encoding="UTF-8"?>
<!-- Generated by org.testng.reporters.JUnitReportReporter -->
<testsuite skipped="0" hostname="LAPTOP-FTFAHAJ5" name="testcases.PurchaseTest" tests="3" failures="0" timestamp="2021-05-21T07:44:23 CDT" time="105.143" errors="0">
  <testcase name="purchase" time="34.763" classname="testcases.PurchaseTest"/>
  <system-out>
    <![CDATA[==========================================
Starting Test: testcases.PurchaseTest
==========================================]]>
  </system-out>
  <testcase name="purchase" time="35.637" classname="testcases.PurchaseTest"/>
  <system-out>
    <![CDATA[==========================================
Starting Test: testcases.PurchaseTest
==========================================]]>
  </system-out>
  <testcase name="purchase" time="34.743" classname="testcases.PurchaseTest"/>
  <system-out>
    <![CDATA[==========================================
Starting Test: testcases.PurchaseTest
==========================================]]>
  </system-out>
</testsuite> <!-- testcases.PurchaseTest -->
