<?xml version="1.0" encoding="UTF-8"?>
<!-- Generated by org.testng.reporters.JUnitReportReporter -->
<testsuite skipped="0" hostname="LAPTOP-FTFAHAJ5" name="testcases.InvalidLoginTest" tests="3" failures="0" timestamp="2021-05-21T07:44:23 CDT" time="37.890" errors="0">
  <testcase name="invalidCredentials" time="12.557" classname="testcases.InvalidLoginTest"/>
  <system-out>
    <![CDATA[==========================================
Starting Test: testcases.InvalidLoginTest
==========================================]]>
  </system-out>
  <testcase name="invalidCredentials" time="12.798" classname="testcases.InvalidLoginTest"/>
  <system-out>
    <![CDATA[==========================================
Starting Test: testcases.InvalidLoginTest
==========================================]]>
  </system-out>
  <testcase name="invalidCredentials" time="12.535" classname="testcases.InvalidLoginTest"/>
  <system-out>
    <![CDATA[==========================================
Starting Test: testcases.InvalidLoginTest
==========================================]]>
  </system-out>
</testsuite> <!-- testcases.InvalidLoginTest -->
